0 info it worked if it ends with ok
1 verbose cli [ '/usr/local/bin/node',
1 verbose cli   '/usr/local/bin/npm',
1 verbose cli   'install',
1 verbose cli   'accoutrement-layout@pre',
1 verbose cli   'accoutrement-color@pre',
1 verbose cli   'accoutrement-init@latest',
1 verbose cli   'accoutrement-fonts@pre',
1 verbose cli   'accoutrement-herman@latest',
1 verbose cli   'accoutrement-scale@pre',
1 verbose cli   '--save' ]
2 info using npm@3.3.12
3 info using node@v5.1.0
4 silly loadCurrentTree Starting
5 silly install loadCurrentTree
6 silly install readLocalPackageData
7 silly fetchPackageMetaData accoutrement-layout@pre
8 silly fetchPackageMetaData accoutrement-color@pre
9 silly fetchPackageMetaData accoutrement-init@latest
10 silly fetchPackageMetaData accoutrement-fonts@pre
11 silly fetchPackageMetaData accoutrement-herman@latest
12 silly fetchPackageMetaData accoutrement-scale@pre
13 silly fetchNamedPackageData accoutrement-layout
14 silly mapToRegistry name accoutrement-layout
15 silly mapToRegistry using default registry
16 silly mapToRegistry registry https://registry.npmjs.org/
17 silly mapToRegistry uri https://registry.npmjs.org/accoutrement-layout
18 silly fetchNamedPackageData accoutrement-color
19 silly mapToRegistry name accoutrement-color
20 silly mapToRegistry using default registry
21 silly mapToRegistry registry https://registry.npmjs.org/
22 silly mapToRegistry uri https://registry.npmjs.org/accoutrement-color
23 silly fetchNamedPackageData accoutrement-init
24 silly mapToRegistry name accoutrement-init
25 silly mapToRegistry using default registry
26 silly mapToRegistry registry https://registry.npmjs.org/
27 silly mapToRegistry uri https://registry.npmjs.org/accoutrement-init
28 silly fetchNamedPackageData accoutrement-fonts
29 silly mapToRegistry name accoutrement-fonts
30 silly mapToRegistry using default registry
31 silly mapToRegistry registry https://registry.npmjs.org/
32 silly mapToRegistry uri https://registry.npmjs.org/accoutrement-fonts
33 silly fetchNamedPackageData accoutrement-herman
34 silly mapToRegistry name accoutrement-herman
35 silly mapToRegistry using default registry
36 silly mapToRegistry registry https://registry.npmjs.org/
37 silly mapToRegistry uri https://registry.npmjs.org/accoutrement-herman
38 silly fetchNamedPackageData accoutrement-scale
39 silly mapToRegistry name accoutrement-scale
40 silly mapToRegistry using default registry
41 silly mapToRegistry registry https://registry.npmjs.org/
42 silly mapToRegistry uri https://registry.npmjs.org/accoutrement-scale
43 verbose request uri https://registry.npmjs.org/accoutrement-layout
44 verbose request no auth needed
45 info attempt registry request try #1 at 8:48:20 PM
46 verbose request using bearer token for auth
47 verbose request id 4119c4d7503aad62
48 verbose etag "6V9CYIOAYXKP92LW46GUA9Y28"
49 http request GET https://registry.npmjs.org/accoutrement-layout
50 verbose request uri https://registry.npmjs.org/accoutrement-color
51 verbose request no auth needed
52 info attempt registry request try #1 at 8:48:20 PM
53 verbose request using bearer token for auth
54 verbose etag "1NHSW23XCM048LJ3UK1TJ3TEW"
55 http request GET https://registry.npmjs.org/accoutrement-color
56 verbose request uri https://registry.npmjs.org/accoutrement-fonts
57 verbose request no auth needed
58 info attempt registry request try #1 at 8:48:20 PM
59 verbose request using bearer token for auth
60 verbose etag "DNNP5ML8TOMCLBBNN67MPKUNQ"
61 http request GET https://registry.npmjs.org/accoutrement-fonts
62 verbose request uri https://registry.npmjs.org/accoutrement-init
63 verbose request no auth needed
64 info attempt registry request try #1 at 8:48:20 PM
65 verbose request using bearer token for auth
66 verbose etag "CFSG5TOKOBEKOXN4X188EWJR3"
67 http request GET https://registry.npmjs.org/accoutrement-init
68 verbose request uri https://registry.npmjs.org/accoutrement-scale
69 verbose request no auth needed
70 info attempt registry request try #1 at 8:48:20 PM
71 verbose request using bearer token for auth
72 verbose etag "22Y76P7FG8J6K4SDOYXEDQR21"
73 http request GET https://registry.npmjs.org/accoutrement-scale
74 verbose request uri https://registry.npmjs.org/accoutrement-herman
75 verbose request no auth needed
76 info attempt registry request try #1 at 8:48:20 PM
77 verbose request using bearer token for auth
78 verbose etag "DJRQSLZ3Q2Z3M7LNIUFX8SGX2"
79 http request GET https://registry.npmjs.org/accoutrement-herman
80 http 304 https://registry.npmjs.org/accoutrement-fonts
81 verbose headers { 'cache-control': 'max-age=300',
81 verbose headers   'accept-ranges': 'bytes',
81 verbose headers   date: 'Thu, 18 Feb 2016 03:48:21 GMT',
81 verbose headers   via: '1.1 varnish',
81 verbose headers   connection: 'keep-alive',
81 verbose headers   'x-served-by': 'cache-ord1720-ORD',
81 verbose headers   'x-cache': 'MISS',
81 verbose headers   'x-cache-hits': '0',
81 verbose headers   'x-timer': 'S1455767301.223865,VS0,VE37' }
82 silly get cb [ 304,
82 silly get   { 'cache-control': 'max-age=300',
82 silly get     'accept-ranges': 'bytes',
82 silly get     date: 'Thu, 18 Feb 2016 03:48:21 GMT',
82 silly get     via: '1.1 varnish',
82 silly get     connection: 'keep-alive',
82 silly get     'x-served-by': 'cache-ord1720-ORD',
82 silly get     'x-cache': 'MISS',
82 silly get     'x-cache-hits': '0',
82 silly get     'x-timer': 'S1455767301.223865,VS0,VE37' } ]
83 verbose etag https://registry.npmjs.org/accoutrement-fonts from cache
84 verbose get saving accoutrement-fonts to /Users/miriam/.npm/registry.npmjs.org/accoutrement-fonts/.cache.json
85 http 304 https://registry.npmjs.org/accoutrement-herman
86 verbose headers { 'cache-control': 'max-age=300',
86 verbose headers   'accept-ranges': 'bytes',
86 verbose headers   date: 'Thu, 18 Feb 2016 03:48:21 GMT',
86 verbose headers   via: '1.1 varnish',
86 verbose headers   connection: 'keep-alive',
86 verbose headers   'x-served-by': 'cache-ord1721-ORD',
86 verbose headers   'x-cache': 'MISS',
86 verbose headers   'x-cache-hits': '0',
86 verbose headers   'x-timer': 'S1455767301.230305,VS0,VE162' }
87 silly get cb [ 304,
87 silly get   { 'cache-control': 'max-age=300',
87 silly get     'accept-ranges': 'bytes',
87 silly get     date: 'Thu, 18 Feb 2016 03:48:21 GMT',
87 silly get     via: '1.1 varnish',
87 silly get     connection: 'keep-alive',
87 silly get     'x-served-by': 'cache-ord1721-ORD',
87 silly get     'x-cache': 'MISS',
87 silly get     'x-cache-hits': '0',
87 silly get     'x-timer': 'S1455767301.230305,VS0,VE162' } ]
88 verbose etag https://registry.npmjs.org/accoutrement-herman from cache
89 verbose get saving accoutrement-herman to /Users/miriam/.npm/registry.npmjs.org/accoutrement-herman/.cache.json
90 http 304 https://registry.npmjs.org/accoutrement-scale
91 verbose headers { 'cache-control': 'max-age=300',
91 verbose headers   'accept-ranges': 'bytes',
91 verbose headers   date: 'Thu, 18 Feb 2016 03:48:21 GMT',
91 verbose headers   via: '1.1 varnish',
91 verbose headers   connection: 'keep-alive',
91 verbose headers   'x-served-by': 'cache-ord1732-ORD',
91 verbose headers   'x-cache': 'MISS',
91 verbose headers   'x-cache-hits': '0',
91 verbose headers   'x-timer': 'S1455767301.231283,VS0,VE162' }
92 silly get cb [ 304,
92 silly get   { 'cache-control': 'max-age=300',
92 silly get     'accept-ranges': 'bytes',
92 silly get     date: 'Thu, 18 Feb 2016 03:48:21 GMT',
92 silly get     via: '1.1 varnish',
92 silly get     connection: 'keep-alive',
92 silly get     'x-served-by': 'cache-ord1732-ORD',
92 silly get     'x-cache': 'MISS',
92 silly get     'x-cache-hits': '0',
92 silly get     'x-timer': 'S1455767301.231283,VS0,VE162' } ]
93 verbose etag https://registry.npmjs.org/accoutrement-scale from cache
94 verbose get saving accoutrement-scale to /Users/miriam/.npm/registry.npmjs.org/accoutrement-scale/.cache.json
95 http 304 https://registry.npmjs.org/accoutrement-init
96 verbose headers { 'cache-control': 'max-age=300',
96 verbose headers   'accept-ranges': 'bytes',
96 verbose headers   date: 'Thu, 18 Feb 2016 03:48:21 GMT',
96 verbose headers   via: '1.1 varnish',
96 verbose headers   connection: 'keep-alive',
96 verbose headers   'x-served-by': 'cache-ord1730-ORD',
96 verbose headers   'x-cache': 'MISS',
96 verbose headers   'x-cache-hits': '0',
96 verbose headers   'x-timer': 'S1455767301.235823,VS0,VE260' }
97 silly get cb [ 304,
97 silly get   { 'cache-control': 'max-age=300',
97 silly get     'accept-ranges': 'bytes',
97 silly get     date: 'Thu, 18 Feb 2016 03:48:21 GMT',
97 silly get     via: '1.1 varnish',
97 silly get     connection: 'keep-alive',
97 silly get     'x-served-by': 'cache-ord1730-ORD',
97 silly get     'x-cache': 'MISS',
97 silly get     'x-cache-hits': '0',
97 silly get     'x-timer': 'S1455767301.235823,VS0,VE260' } ]
98 verbose etag https://registry.npmjs.org/accoutrement-init from cache
99 verbose get saving accoutrement-init to /Users/miriam/.npm/registry.npmjs.org/accoutrement-init/.cache.json
100 http 304 https://registry.npmjs.org/accoutrement-color
101 verbose headers { 'cache-control': 'max-age=300',
101 verbose headers   'accept-ranges': 'bytes',
101 verbose headers   date: 'Thu, 18 Feb 2016 03:48:21 GMT',
101 verbose headers   via: '1.1 varnish',
101 verbose headers   connection: 'keep-alive',
101 verbose headers   'x-served-by': 'cache-ord1728-ORD',
101 verbose headers   'x-cache': 'MISS',
101 verbose headers   'x-cache-hits': '0',
101 verbose headers   'x-timer': 'S1455767301.228062,VS0,VE300' }
102 silly get cb [ 304,
102 silly get   { 'cache-control': 'max-age=300',
102 silly get     'accept-ranges': 'bytes',
102 silly get     date: 'Thu, 18 Feb 2016 03:48:21 GMT',
102 silly get     via: '1.1 varnish',
102 silly get     connection: 'keep-alive',
102 silly get     'x-served-by': 'cache-ord1728-ORD',
102 silly get     'x-cache': 'MISS',
102 silly get     'x-cache-hits': '0',
102 silly get     'x-timer': 'S1455767301.228062,VS0,VE300' } ]
103 verbose etag https://registry.npmjs.org/accoutrement-color from cache
104 verbose get saving accoutrement-color to /Users/miriam/.npm/registry.npmjs.org/accoutrement-color/.cache.json
105 http 304 https://registry.npmjs.org/accoutrement-layout
106 verbose headers { 'cache-control': 'max-age=300',
106 verbose headers   'accept-ranges': 'bytes',
106 verbose headers   date: 'Thu, 18 Feb 2016 03:48:21 GMT',
106 verbose headers   via: '1.1 varnish',
106 verbose headers   connection: 'keep-alive',
106 verbose headers   'x-served-by': 'cache-ord1721-ORD',
106 verbose headers   'x-cache': 'MISS',
106 verbose headers   'x-cache-hits': '0',
106 verbose headers   'x-timer': 'S1455767301.230206,VS0,VE309' }
107 silly get cb [ 304,
107 silly get   { 'cache-control': 'max-age=300',
107 silly get     'accept-ranges': 'bytes',
107 silly get     date: 'Thu, 18 Feb 2016 03:48:21 GMT',
107 silly get     via: '1.1 varnish',
107 silly get     connection: 'keep-alive',
107 silly get     'x-served-by': 'cache-ord1721-ORD',
107 silly get     'x-cache': 'MISS',
107 silly get     'x-cache-hits': '0',
107 silly get     'x-timer': 'S1455767301.230206,VS0,VE309' } ]
108 verbose etag https://registry.npmjs.org/accoutrement-layout from cache
109 verbose get saving accoutrement-layout to /Users/miriam/.npm/registry.npmjs.org/accoutrement-layout/.cache.json
110 silly install normalizeTree
111 silly loadCurrentTree Finishing
112 silly loadIdealTree Starting
113 silly install loadIdealTree
114 silly cloneCurrentTree Starting
115 silly install cloneCurrentTreeToIdealTree
116 silly cloneCurrentTree Finishing
117 silly loadShrinkwrap Starting
118 silly install loadShrinkwrap
119 silly loadShrinkwrap Finishing
120 silly loadAllDepsIntoIdealTree Starting
121 silly install loadAllDepsIntoIdealTree
122 silly rollbackFailedOptional Starting
123 silly rollbackFailedOptional Finishing
124 silly runTopLevelLifecycles Starting
125 silly runTopLevelLifecycles Finishing
126 silly install printInstalled
127 verbose stack Error: Refusing to install accoutrement-layout as a dependency of itself
127 verbose stack     at checkSelf (/usr/local/lib/node_modules/npm/lib/install/validate-args.js:40:14)
127 verbose stack     at Array.<anonymous> (/usr/local/lib/node_modules/npm/node_modules/slide/lib/bind-actor.js:15:8)
127 verbose stack     at LOOP (/usr/local/lib/node_modules/npm/node_modules/slide/lib/chain.js:15:14)
127 verbose stack     at chain (/usr/local/lib/node_modules/npm/node_modules/slide/lib/chain.js:20:5)
127 verbose stack     at /usr/local/lib/node_modules/npm/lib/install/validate-args.js:15:5
127 verbose stack     at /usr/local/lib/node_modules/npm/node_modules/slide/lib/async-map.js:52:35
127 verbose stack     at Array.forEach (native)
127 verbose stack     at /usr/local/lib/node_modules/npm/node_modules/slide/lib/async-map.js:52:11
127 verbose stack     at Array.forEach (native)
127 verbose stack     at asyncMap (/usr/local/lib/node_modules/npm/node_modules/slide/lib/async-map.js:51:8)
128 verbose cwd /Users/miriam/Sites/accoutrement/layout
129 error Darwin 15.4.0
130 error argv "/usr/local/bin/node" "/usr/local/bin/npm" "install" "accoutrement-layout@pre" "accoutrement-color@pre" "accoutrement-init@latest" "accoutrement-fonts@pre" "accoutrement-herman@latest" "accoutrement-scale@pre" "--save"
131 error node v5.1.0
132 error npm  v3.3.12
133 error code ENOSELF
134 error Refusing to install accoutrement-layout as a dependency of itself
135 error If you need help, you may report this error at:
135 error     <https://github.com/npm/npm/issues>
136 verbose exit [ 1, true ]
